<?xml version="1.0" encoding="UTF-8"?>
<!-- Generated by org.testng.reporters.JUnitXMLReporter -->
<testsuite hostname="INBOOK_X1_SLIM" ignored="1" name="Default test(failed)" tests="1" failures="1" timestamp="28 May 2023 11:13:22 GMT" time="4.589" errors="0">
  <testcase name="tc002" time="1.206" classname="TestNG.Rerun">
    <failure type="java.lang.AssertionError">
      <![CDATA[java.lang.AssertionError
at org.junit.Assert.fail(Assert.java:86)
at org.junit.Assert.assertTrue(Assert.java:41)
at org.junit.Assert.assertTrue(Assert.java:52)
at TestNG.Rerun.tc002(Rerun.java:47)
... Removed 25 stack frames]]>
    </failure>
  </testcase> <!-- tc002 -->
  <testcase name="tc001" time="0.0" classname="TestNG.Rerun">
    <ignored/>
  </testcase> <!-- tc001 -->
</testsuite> <!-- Default test(failed) -->
