<?xml version="1.0" encoding="UTF-8"?>
<!-- Generated by org.testng.reporters.JUnitXMLReporter -->
<testsuite hostname="INBOOK_X1_SLIM" ignored="0" name="IAnnotation" tests="10" failures="2" timestamp="04 Jun 2023 02:21:11 GMT" time="14.525" errors="0">
  <testcase name="tc001" time="2.052" classname="TestNG.Rerun">
    <skipped/>
  </testcase> <!-- tc001 -->
  <testcase name="tc001" time="1.106" classname="TestNG.Rerun">
    <skipped/>
  </testcase> <!-- tc001 -->
  <testcase name="tc001" time="1.077" classname="TestNG.Rerun">
    <skipped/>
  </testcase> <!-- tc001 -->
  <testcase name="tc001" time="1.346" classname="TestNG.Rerun">
    <skipped/>
  </testcase> <!-- tc001 -->
  <testcase name="tc001" time="1.298" classname="TestNG.Rerun">
    <failure type="java.lang.AssertionError">
      <![CDATA[java.lang.AssertionError
at org.junit.Assert.fail(Assert.java:86)
at org.junit.Assert.assertTrue(Assert.java:41)
at org.junit.Assert.assertTrue(Assert.java:52)
at TestNG.Rerun.tc001(Rerun.java:41)
... Removed 25 stack frames]]>
    </failure>
  </testcase> <!-- tc001 -->
  <testcase name="tc002" time="1.306" classname="TestNG.Rerun">
    <skipped/>
  </testcase> <!-- tc002 -->
  <testcase name="tc002" time="0.86" classname="TestNG.Rerun">
    <skipped/>
  </testcase> <!-- tc002 -->
  <testcase name="tc002" time="0.733" classname="TestNG.Rerun">
    <skipped/>
  </testcase> <!-- tc002 -->
  <testcase name="tc002" time="0.792" classname="TestNG.Rerun">
    <skipped/>
  </testcase> <!-- tc002 -->
  <testcase name="tc002" time="0.716" classname="TestNG.Rerun">
    <failure type="java.lang.AssertionError">
      <![CDATA[java.lang.AssertionError
at org.junit.Assert.fail(Assert.java:86)
at org.junit.Assert.assertTrue(Assert.java:41)
at org.junit.Assert.assertTrue(Assert.java:52)
at TestNG.Rerun.tc002(Rerun.java:48)
... Removed 25 stack frames]]>
    </failure>
  </testcase> <!-- tc002 -->
</testsuite> <!-- IAnnotation -->
