<?xml version="1.0" encoding="UTF-8"?>
<!-- Generated by org.testng.reporters.JUnitXMLReporter -->
<testsuite hostname="INBOOK_X1_SLIM" ignored="0" name="Rerun" tests="2" failures="1" timestamp="28 May 2023 11:15:20 GMT" time="11.814" errors="0">
  <testcase name="tc001" time="6.963" classname="TestNG.Rerun"/>
  <testcase name="tc002" time="1.229" classname="TestNG.Rerun">
    <failure type="java.lang.AssertionError">
      <![CDATA[java.lang.AssertionError
at org.junit.Assert.fail(Assert.java:86)
at org.junit.Assert.assertTrue(Assert.java:41)
at org.junit.Assert.assertTrue(Assert.java:52)
at TestNG.Rerun.tc002(Rerun.java:47)
... Removed 25 stack frames]]>
    </failure>
  </testcase> <!-- tc002 -->
</testsuite> <!-- Rerun -->
