<?xml version="1.0" encoding="UTF-8"?>
<!-- Generated by org.testng.reporters.JUnitXMLReporter -->
<testsuite hostname="INBOOK_X1_SLIM" ignored="0" name="Test" tests="1" failures="1" timestamp="07 Jun 2023 03:23:20 GMT" time="0.42" errors="0">
  <testcase name="crossTesting" time="0.395" classname="TestNG.CrossBrowser">
    <failure type="java.lang.NullPointerException">
      <![CDATA[java.lang.NullPointerException
at org.hexa.LibGlobal.maximizeWindow(LibGlobal.java:86)
at TestNG.CrossBrowser.crossTesting(CrossBrowser.java:25)
... Removed 25 stack frames]]>
    </failure>
  </testcase> <!-- crossTesting -->
</testsuite> <!-- Test -->
