<?xml version="1.0" encoding="UTF-8"?>
<!-- Generated by org.testng.reporters.JUnitXMLReporter -->
<testsuite hostname="INBOOK_X1_SLIM" ignored="0" name="edge Test(failed)" tests="1" failures="1" timestamp="22 Apr 2023 11:30:50 GMT" time="0.503" errors="0">
  <testcase name="crossTesting" time="0.463" classname="TestNG.CrossBrowser">
    <failure type="java.lang.NullPointerException">
      <![CDATA[java.lang.NullPointerException
at org.hexa.LibGlobal.maximizeWindow(LibGlobal.java:86)
at TestNG.CrossBrowser.crossTesting(CrossBrowser.java:25)
... Removed 25 stack frames]]>
    </failure>
  </testcase> <!-- crossTesting -->
</testsuite> <!-- edge Test(failed) -->
