<?xml version="1.0" encoding="UTF-8"?>
<testng-results skipped="0" failed="0" ignored="0" total="2" passed="2">
  <reporter-output>
  </reporter-output>
  <suite name="Default suite" duration-ms="8116" started-at="2023-06-07T03:35:59Z" finished-at="2023-06-07T03:36:07Z">
    <groups>
    </groups>
    <test name="Default test" duration-ms="8116" started-at="2023-06-07T03:35:59Z" finished-at="2023-06-07T03:36:07Z">
      <class name="TestNG.Sample">
        <test-method status="PASS" signature="tc01(java.lang.String, java.lang.String)[pri:0, instance:TestNG.Sample@2038ae61]" name="tc01" duration-ms="5543" started-at="2023-06-07T03:35:59Z" data-provider="login data" finished-at="2023-06-07T03:36:05Z">
          <params>
            <param index="0">
              <value>
                <![CDATA[karthicharun87@gmail.com]]>
              </value>
            </param>
            <param index="1">
              <value>
                <![CDATA[Arunsingh@1988]]>
              </value>
            </param>
          </params>
          <reporter-output>
          </reporter-output>
        </test-method> <!-- tc01 -->
        <test-method status="PASS" signature="tc01(java.lang.String, java.lang.String)[pri:0, instance:TestNG.Sample@2038ae61]" name="tc01" duration-ms="2538" started-at="2023-06-07T03:36:05Z" data-provider="login data" finished-at="2023-06-07T03:36:07Z">
          <params>
            <param index="0">
              <value>
                <![CDATA[ArunKarthick97]]>
              </value>
            </param>
            <param index="1">
              <value>
                <![CDATA[karthickArun@1988]]>
              </value>
            </param>
          </params>
          <reporter-output>
          </reporter-output>
        </test-method> <!-- tc01 -->
      </class> <!-- TestNG.Sample -->
    </test> <!-- Default test -->
  </suite> <!-- Default suite -->
</testng-results>
